11/09/20 17:58:40 PM Friday: INFO: Launch App.
18/09/20 16:45:55 PM Friday: INFO: Launch App.
18/09/20 17:05:15 PM Friday: INFO: Launch App.
18/09/20 17:05:16 PM Friday: INFO: Clicked on element found with locator Type: idand with locator value: de.proglove.connect:id/connectionButton
18/09/20 18:11:53 PM Friday: INFO: Launch App.
18/09/20 18:11:53 PM Friday: INFO: Element with locator Type: id and with locator value: de.proglove.connect:id/connectionButtonis displayed.
18/09/20 18:11:53 PM Friday: INFO: Clicked on element found with locator Type: id and with locator value: de.proglove.connect:id/connectionButton
18/09/20 18:27:16 PM Friday: INFO: Launch App.
18/09/20 18:27:16 PM Friday: INFO: Element with locator Type: id and with locator value: de.proglove.connect:id/connectionButton is displayed.
18/09/20 18:27:16 PM Friday: INFO: Clicked on element found with locator Type: id and with locator value: de.proglove.connect:id/connectionButton
25/09/20 14:07:10 PM Friday: <module>: INFO: Launch App.
25/09/20 14:07:10 PM Friday: BasePage: INFO: Element with locator Type: id and with locator value: de.proglove.connect:id/connectionButton is displayed.
25/09/20 14:07:10 PM Friday: BasePage: INFO: Clicked on element found with locator Type: id and with locator value: de.proglove.connect:id/connectionButton
25/09/20 14:25:37 PM Friday: <module>: INFO: Launch App.
25/09/20 14:25:38 PM Friday: BasePage: INFO: Element with locator Type: id and with locator value: de.proglove.connect:id/connectionButton is displayed.
25/09/20 14:25:38 PM Friday: BasePage: INFO: Clicked on element found with locator Type: id and with locator value: de.proglove.connect:id/connectionButton
25/09/20 14:25:39 PM Friday: BasePage: INFO: Screenshot saved to :../screenshots/permission_25_09_20_14_25_38 .png
25/09/20 14:27:40 PM Friday: <module>: INFO: Launch App.
25/09/20 14:27:41 PM Friday: BasePage: INFO: Element with locator Type: id and with locator value: de.proglove.connect:id/connectionButton is displayed.
25/09/20 14:27:41 PM Friday: BasePage: INFO: Clicked on element found with locator Type: id and with locator value: de.proglove.connect:id/connectionButton
25/09/20 14:27:45 PM Friday: BasePage: INFO: Screenshot saved to :../screenshots/permission_25_09_20_14_27_44 .png
25/09/20 15:01:07 PM Friday: <module>: INFO: Launch App.
25/09/20 16:37:20 PM Friday: BasePage: INFO: Clicked on element found with locator Type: id and with locator value: com.code2lead.kwad:id/ContactUs
25/09/20 16:37:21 PM Friday: BasePage: INFO: Element with locator Type: text and with locator value: Contact Us form is displayed.
25/09/20 16:37:22 PM Friday: BasePage: INFO: Send text on element found with locator Type: text and with locator value: Enter Name
25/09/20 16:37:23 PM Friday: BasePage: INFO: Send text on element found with locator Type: text and with locator value: Enter Email
25/09/20 16:37:25 PM Friday: BasePage: INFO: Send text on element found with locator Type: text and with locator value: Enter Address
25/09/20 16:37:45 PM Friday: BasePage: INFO: Unable to send text on element with locator Type: index and with locator value: 4
25/09/20 16:37:46 PM Friday: BasePage: INFO: Clicked on element found with locator Type: text and with locator value: SUBMIT
25/09/20 16:39:23 PM Friday: BasePage: INFO: Clicked on element found with locator Type: id and with locator value: com.code2lead.kwad:id/ContactUs
25/09/20 16:39:24 PM Friday: BasePage: INFO: Element with locator Type: text and with locator value: Contact Us form is displayed.
25/09/20 16:39:25 PM Friday: BasePage: INFO: Send text on element found with locator Type: text and with locator value: Enter Name
25/09/20 16:39:26 PM Friday: BasePage: INFO: Send text on element found with locator Type: text and with locator value: Enter Email
25/09/20 16:39:27 PM Friday: BasePage: INFO: Send text on element found with locator Type: text and with locator value: Enter Address
25/09/20 16:39:48 PM Friday: BasePage: INFO: Unable to send text on element with locator Type: index and with locator value: 4
25/09/20 16:39:49 PM Friday: BasePage: INFO: Clicked on element found with locator Type: text and with locator value: SUBMIT
25/09/20 16:41:30 PM Friday: BasePage: INFO: Clicked on element found with locator Type: id and with locator value: com.code2lead.kwad:id/ContactUs
25/09/20 16:41:31 PM Friday: BasePage: INFO: Element with locator Type: text and with locator value: Contact Us form is displayed.
25/09/20 16:41:32 PM Friday: BasePage: INFO: Send text on element found with locator Type: text and with locator value: Enter Name
25/09/20 16:41:33 PM Friday: BasePage: INFO: Send text on element found with locator Type: text and with locator value: Enter Email
25/09/20 16:41:34 PM Friday: BasePage: INFO: Send text on element found with locator Type: text and with locator value: Enter Address
25/09/20 16:41:35 PM Friday: BasePage: INFO: Send text on element found with locator Type: text and with locator value: Enter Mobile No
25/09/20 16:41:37 PM Friday: BasePage: INFO: Clicked on element found with locator Type: text and with locator value: SUBMIT
25/09/20 17:58:11 PM Friday: BasePage: INFO: Unable to send text on element with locator Type: text and with locator value: Enter Name
25/09/20 17:58:31 PM Friday: BasePage: INFO: Unable to send text on element with locator Type: text and with locator value: Enter Email
25/09/20 17:58:52 PM Friday: BasePage: INFO: Unable to send text on element with locator Type: text and with locator value: Enter Address
25/09/20 17:59:13 PM Friday: BasePage: INFO: Unable to send text on element with locator Type: text and with locator value: Enter Mobile No
25/09/20 17:59:33 PM Friday: BasePage: INFO: Unable to click element with locator Type: text and with locator value: SUBMIT
25/09/20 17:59:34 PM Friday: BasePage: INFO: Clicked on element found with locator Type: id and with locator value: com.code2lead.kwad:id/ContactUs
25/09/20 17:59:35 PM Friday: BasePage: INFO: Element with locator Type: text and with locator value: Contact Us form is displayed.
25/09/20 18:01:49 PM Friday: BasePage: INFO: Unable to send text on element with locator Type: text and with locator value: Enter Name
25/09/20 18:02:10 PM Friday: BasePage: INFO: Unable to send text on element with locator Type: text and with locator value: Enter Email
25/09/20 18:02:30 PM Friday: BasePage: INFO: Unable to send text on element with locator Type: text and with locator value: Enter Address
25/09/20 18:02:51 PM Friday: BasePage: INFO: Unable to send text on element with locator Type: text and with locator value: Enter Mobile No
25/09/20 18:03:11 PM Friday: BasePage: INFO: Unable to click element with locator Type: text and with locator value: SUBMIT
25/09/20 18:03:11 PM Friday: BasePage: INFO: Clicked on element found with locator Type: id and with locator value: com.code2lead.kwad:id/ContactUs
25/09/20 18:03:12 PM Friday: BasePage: INFO: Element with locator Type: text and with locator value: Contact Us form is displayed.
25/09/20 18:12:30 PM Friday: BasePage: INFO: Unable to send text on element with locator Type: text and with locator value: Enter Name
25/09/20 18:12:32 PM Friday: BasePage: INFO: Unable to send text on element with locator Type: text and with locator value: Enter Email
25/09/20 18:12:32 PM Friday: BasePage: INFO: Unable to send text on element with locator Type: text and with locator value: Enter Address
25/09/20 18:12:33 PM Friday: BasePage: INFO: Unable to send text on element with locator Type: text and with locator value: Enter Mobile No
25/09/20 18:12:54 PM Friday: BasePage: INFO: Unable to click element with locator Type: text and with locator value: SUBMIT
25/09/20 18:12:54 PM Friday: BasePage: INFO: Clicked on element found with locator Type: id and with locator value: com.code2lead.kwad:id/ContactUs
25/09/20 18:12:55 PM Friday: BasePage: INFO: Element with locator Type: text and with locator value: Contact Us form is displayed.
25/09/20 18:13:38 PM Friday: BasePage: INFO: Unable to send text on element with locator Type: text and with locator value: Enter Name
25/09/20 18:13:59 PM Friday: BasePage: INFO: Unable to send text on element with locator Type: text and with locator value: Enter Email
25/09/20 18:14:20 PM Friday: BasePage: INFO: Unable to send text on element with locator Type: text and with locator value: Enter Address
25/09/20 18:14:40 PM Friday: BasePage: INFO: Unable to send text on element with locator Type: text and with locator value: Enter Mobile No
25/09/20 18:15:01 PM Friday: BasePage: INFO: Unable to click element with locator Type: text and with locator value: SUBMIT
25/09/20 18:15:01 PM Friday: BasePage: INFO: Clicked on element found with locator Type: id and with locator value: com.code2lead.kwad:id/ContactUs
25/09/20 18:15:02 PM Friday: BasePage: INFO: Element with locator Type: text and with locator value: Contact Us form is displayed.
25/09/20 18:22:49 PM Friday: BasePage: INFO: Unable to send text on element with locator Type: text and with locator value: Enter Name
25/09/20 18:23:10 PM Friday: BasePage: INFO: Unable to send text on element with locator Type: text and with locator value: Enter Email
25/09/20 18:23:31 PM Friday: BasePage: INFO: Unable to send text on element with locator Type: text and with locator value: Enter Address
25/09/20 18:23:51 PM Friday: BasePage: INFO: Unable to send text on element with locator Type: text and with locator value: Enter Mobile No
25/09/20 18:24:12 PM Friday: BasePage: INFO: Unable to click element with locator Type: text and with locator value: SUBMIT
25/09/20 18:24:12 PM Friday: BasePage: INFO: Clicked on element found with locator Type: id and with locator value: com.code2lead.kwad:id/ContactUs
25/09/20 18:24:13 PM Friday: BasePage: INFO: Element with locator Type: text and with locator value: Contact Us form is displayed.
25/09/20 18:39:39 PM Friday: BasePage: INFO: Clicked on element found with locator Type: id and with locator value: com.code2lead.kwad:id/ContactUs
25/09/20 18:39:40 PM Friday: BasePage: INFO: Element with locator Type: text and with locator value: Contact Us form is displayed.
25/09/20 18:39:41 PM Friday: BasePage: INFO: Send text on element found with locator Type: text and with locator value: Enter Name
25/09/20 18:39:42 PM Friday: BasePage: INFO: Send text on element found with locator Type: text and with locator value: Enter Email
25/09/20 18:39:43 PM Friday: BasePage: INFO: Send text on element found with locator Type: text and with locator value: Enter Address
25/09/20 18:39:45 PM Friday: BasePage: INFO: Send text on element found with locator Type: text and with locator value: Enter Mobile No
25/09/20 18:39:46 PM Friday: BasePage: INFO: Clicked on element found with locator Type: text and with locator value: SUBMIT
20/10/20 16:49:49 PM Tuesday: BasePage: INFO: Clicked on element found with locator Type: id and with locator value: com.code2lead.kwad:id/ContactUs
20/10/20 16:49:50 PM Tuesday: BasePage: INFO: Element with locator Type: text and with locator value: Contact Us form is displayed.
20/10/20 16:49:51 PM Tuesday: BasePage: INFO: Send text on element found with locator Type: text and with locator value: Enter Name
20/10/20 16:49:52 PM Tuesday: BasePage: INFO: Send text on element found with locator Type: text and with locator value: Enter Email
20/10/20 16:49:53 PM Tuesday: BasePage: INFO: Send text on element found with locator Type: text and with locator value: Enter Address
20/10/20 16:49:54 PM Tuesday: BasePage: INFO: Send text on element found with locator Type: text and with locator value: Enter Mobile No
20/10/20 16:49:55 PM Tuesday: BasePage: INFO: Clicked on element found with locator Type: text and with locator value: SUBMIT
20/10/20 17:16:29 PM Tuesday: BasePage: INFO: Clicked on element found with locator Type: id and with locator value: com.code2lead.kwad:id/ContactUs
20/10/20 17:16:30 PM Tuesday: BasePage: INFO: Element with locator Type: text and with locator value: Contact Us form is displayed.
20/10/20 17:16:31 PM Tuesday: BasePage: INFO: Send text on element found with locator Type: text and with locator value: Enter Name
20/10/20 17:16:32 PM Tuesday: BasePage: INFO: Send text on element found with locator Type: text and with locator value: Enter Email
20/10/20 17:16:33 PM Tuesday: BasePage: INFO: Send text on element found with locator Type: text and with locator value: Enter Address
20/10/20 17:16:35 PM Tuesday: BasePage: INFO: Send text on element found with locator Type: text and with locator value: Enter Mobile No
20/10/20 17:16:36 PM Tuesday: BasePage: INFO: Clicked on element found with locator Type: text and with locator value: SUBMIT
20/10/20 17:20:22 PM Tuesday: BasePage: INFO: Clicked on element found with locator Type: id and with locator value: com.code2lead.kwad:id/ContactUs
20/10/20 17:20:23 PM Tuesday: BasePage: INFO: Element with locator Type: text and with locator value: Contact Us form is displayed.
20/10/20 17:20:24 PM Tuesday: BasePage: INFO: Send text on element found with locator Type: text and with locator value: Enter Name
20/10/20 17:20:25 PM Tuesday: BasePage: INFO: Send text on element found with locator Type: text and with locator value: Enter Email
20/10/20 17:20:26 PM Tuesday: BasePage: INFO: Send text on element found with locator Type: text and with locator value: Enter Address
20/10/20 17:20:27 PM Tuesday: BasePage: INFO: Send text on element found with locator Type: text and with locator value: Enter Mobile No
20/10/20 17:20:29 PM Tuesday: BasePage: INFO: Clicked on element found with locator Type: text and with locator value: SUBMIT
20/10/20 17:51:40 PM Tuesday: BasePage: INFO: Clicked on element found with locator Type: id and with locator value: com.code2lead.kwad:id/ContactUs
20/10/20 17:51:41 PM Tuesday: BasePage: INFO: Element with locator Type: text and with locator value: Contact Us form is displayed.
20/10/20 17:51:42 PM Tuesday: BasePage: INFO: Send text on element found with locator Type: text and with locator value: Enter Name
20/10/20 17:51:43 PM Tuesday: BasePage: INFO: Send text on element found with locator Type: text and with locator value: Enter Email
20/10/20 17:51:44 PM Tuesday: BasePage: INFO: Send text on element found with locator Type: text and with locator value: Enter Address
20/10/20 17:52:05 PM Tuesday: BasePage: INFO: Unable to send text on element with locator Type: text and with locator value: self._enterMobileNumber
20/10/20 17:55:25 PM Tuesday: BasePage: INFO: Clicked on element found with locator Type: id and with locator value: com.code2lead.kwad:id/ContactUs
20/10/20 17:55:26 PM Tuesday: BasePage: INFO: Element with locator Type: text and with locator value: Contact Us form is displayed.
20/10/20 17:55:26 PM Tuesday: BasePage: INFO: Send text on element found with locator Type: text and with locator value: Enter Name
20/10/20 17:55:28 PM Tuesday: BasePage: INFO: Send text on element found with locator Type: text and with locator value: Enter Email
20/10/20 17:55:29 PM Tuesday: BasePage: INFO: Send text on element found with locator Type: text and with locator value: Enter Address
20/10/20 17:55:49 PM Tuesday: BasePage: INFO: Unable to send text on element with locator Type: text and with locator value: self._enterMobileNumber
22/10/20 18:14:12 PM Thursday: BasePage: INFO: Clicked on element found with locator Type: id and with locator value: com.code2lead.kwad:id/Login
22/10/20 18:14:13 PM Thursday: BasePage: INFO: Send text on element found with locator Type: text and with locator value: Enter Email
22/10/20 18:14:14 PM Thursday: BasePage: INFO: Send text on element found with locator Type: text and with locator value: Enter Password
22/10/20 18:14:15 PM Thursday: BasePage: INFO: Clicked on element found with locator Type: id and with locator value: com.code2lead.kwad:id/Btn3
22/10/20 18:14:16 PM Thursday: BasePage: INFO: Element with locator Type: text and with locator value: Enter Admin is displayed.
22/10/20 18:14:17 PM Thursday: BasePage: INFO: Send text on element found with locator Type: id and with locator value: com.code2lead.kwad:id/Edt_admin
22/10/20 18:14:18 PM Thursday: BasePage: INFO: Clicked on element found with locator Type: text and with locator value: SUBMIT
22/10/20 18:16:17 PM Thursday: BasePage: INFO: Unable to click element with locator Type: id and with locator value: com.code2lead.kwad:id/Login
22/10/20 18:16:39 PM Thursday: BasePage: INFO: Unable to send text on element with locator Type: text and with locator value: Enter Email
22/10/20 18:17:00 PM Thursday: BasePage: INFO: Unable to send text on element with locator Type: id and with locator value: com.code2lead.kwad:id/Edt_admin
22/10/20 18:18:44 PM Thursday: BasePage: INFO: Unable to click element with locator Type: id and with locator value: com.code2lead.kwad:id/Login
22/10/20 18:19:24 PM Thursday: BasePage: INFO: Unable to click element with locator Type: id and with locator value: com.code2lead.kwad:id/Login
22/10/20 18:19:45 PM Thursday: BasePage: INFO: Unable to send text on element with locator Type: text and with locator value: Enter Email
22/10/20 18:20:06 PM Thursday: BasePage: INFO: Unable to send text on element with locator Type: id and with locator value: com.code2lead.kwad:id/Edt_admin
22/10/20 18:25:31 PM Thursday: BasePage: INFO: Clicked on element found with locator Type: id and with locator value: com.code2lead.kwad:id/Login
22/10/20 18:25:33 PM Thursday: BasePage: INFO: Send text on element found with locator Type: text and with locator value: Enter Email
22/10/20 18:25:34 PM Thursday: BasePage: INFO: Send text on element found with locator Type: text and with locator value: Enter Password
22/10/20 18:25:35 PM Thursday: BasePage: INFO: Clicked on element found with locator Type: id and with locator value: com.code2lead.kwad:id/Btn3
22/10/20 18:25:36 PM Thursday: BasePage: INFO: Element with locator Type: text and with locator value: Enter Admin is displayed.
22/10/20 18:25:37 PM Thursday: BasePage: INFO: Send text on element found with locator Type: id and with locator value: com.code2lead.kwad:id/Edt_admin
22/10/20 18:25:38 PM Thursday: BasePage: INFO: Clicked on element found with locator Type: text and with locator value: SUBMIT
22/10/20 18:29:33 PM Thursday: BasePage: INFO: Clicked on element found with locator Type: id and with locator value: com.code2lead.kwad:id/Login
22/10/20 18:29:34 PM Thursday: BasePage: INFO: Send text on element found with locator Type: text and with locator value: Enter Email
22/10/20 18:29:36 PM Thursday: BasePage: INFO: Send text on element found with locator Type: text and with locator value: Enter Password
22/10/20 18:29:36 PM Thursday: BasePage: INFO: Clicked on element found with locator Type: id and with locator value: com.code2lead.kwad:id/Btn3
22/10/20 18:29:37 PM Thursday: BasePage: INFO: Element with locator Type: text and with locator value: Enter Admin is displayed.
22/10/20 18:29:38 PM Thursday: BasePage: INFO: Send text on element found with locator Type: id and with locator value: com.code2lead.kwad:id/Edt_admin
22/10/20 18:29:39 PM Thursday: BasePage: INFO: Clicked on element found with locator Type: text and with locator value: SUBMIT
22/10/20 18:40:12 PM Thursday: BasePage: INFO: Unable to send text on element with locator Type: id and with locator value: com.code2lead.kwad:id/Edt_admin
22/10/20 18:43:40 PM Thursday: BasePage: INFO: Unable to send text on element with locator Type: id and with locator value: com.code2lead.kwad:id/Edt_admin
22/10/20 18:52:32 PM Thursday: BasePage: INFO: Unable to send text on element with locator Type: id and with locator value: com.code2lead.kwad:id/Edt_admin
22/10/20 18:53:16 PM Thursday: BasePage: INFO: Unable to send text on element with locator Type: id and with locator value: com.code2lead.kwad:id/Edt_admin
22/10/20 19:11:31 PM Thursday: BasePage: INFO: Unable to send text on element with locator Type: id and with locator value: com.code2lead.kwad:id/Edt_admin
23/10/20 14:49:49 PM Friday: BasePage: INFO: Unable to send text on element with locator Type: id and with locator value: com.code2lead.kwad:id/Edt_admin
23/10/20 14:52:48 PM Friday: BasePage: INFO: Unable to send text on element with locator Type: id and with locator value: com.code2lead.kwad:id/Edt_admin
23/10/20 14:56:38 PM Friday: BasePage: INFO: Unable to send text on element with locator Type: id and with locator value: com.code2lead.kwad:id/Edt_admin
23/10/20 15:36:00 PM Friday: BasePage: INFO: Send text on element found with locator Type: text and with locator value: Enter Email
23/10/20 15:36:01 PM Friday: BasePage: INFO: Send text on element found with locator Type: text and with locator value: Enter Password
23/10/20 15:36:21 PM Friday: BasePage: INFO: Unable to click element with locator Type: id and with locator value: com.code2lead.kwad:id/Btn3
23/10/20 15:36:42 PM Friday: BasePage: INFO: Element with locator Type: text and with locator value: Enter Admin is not displayed.
23/10/20 15:37:03 PM Friday: BasePage: INFO: Unable to send text on element with locator Type: id and with locator value: com.code2lead.kwad:id/Edt_admin
23/10/20 15:40:38 PM Friday: BasePage: INFO: Send text on element found with locator Type: text and with locator value: Enter Email
23/10/20 15:40:39 PM Friday: BasePage: INFO: Send text on element found with locator Type: text and with locator value: Enter Password
23/10/20 15:40:39 PM Friday: BasePage: INFO: Clicked on element found with locator Type: id and with locator value: com.code2lead.kwad:id/Btn3
23/10/20 15:40:41 PM Friday: BasePage: INFO: Element with locator Type: text and with locator value: Enter Admin is displayed.
23/10/20 15:40:41 PM Friday: BasePage: INFO: Send text on element found with locator Type: id and with locator value: com.code2lead.kwad:id/Edt_admin
23/10/20 15:40:42 PM Friday: BasePage: INFO: Clicked on element found with locator Type: text and with locator value: SUBMIT
23/10/20 16:09:39 PM Friday: BasePage: INFO: Send text on element found with locator Type: text and with locator value: Enter Email
23/10/20 16:09:40 PM Friday: BasePage: INFO: Send text on element found with locator Type: text and with locator value: Enter Password
23/10/20 16:09:40 PM Friday: BasePage: INFO: Clicked on element found with locator Type: id and with locator value: com.code2lead.kwad:id/Btn3
23/10/20 16:10:01 PM Friday: BasePage: INFO: Element with locator Type: text and with locator value: Enter Admin is not displayed.
23/10/20 16:10:04 PM Friday: BasePage: INFO: Send text on element found with locator Type: text and with locator value: Enter Email
23/10/20 16:10:06 PM Friday: BasePage: INFO: Send text on element found with locator Type: text and with locator value: Enter Password
23/10/20 16:10:06 PM Friday: BasePage: INFO: Clicked on element found with locator Type: id and with locator value: com.code2lead.kwad:id/Btn3
23/10/20 16:10:07 PM Friday: BasePage: INFO: Element with locator Type: text and with locator value: Enter Admin is displayed.
23/10/20 16:10:08 PM Friday: BasePage: INFO: Send text on element found with locator Type: id and with locator value: com.code2lead.kwad:id/Edt_admin
23/10/20 16:10:09 PM Friday: BasePage: INFO: Clicked on element found with locator Type: text and with locator value: SUBMIT
23/10/20 16:15:06 PM Friday: BasePage: INFO: Send text on element found with locator Type: text and with locator value: Enter Email
23/10/20 16:15:08 PM Friday: BasePage: INFO: Send text on element found with locator Type: text and with locator value: Enter Password
23/10/20 16:15:08 PM Friday: BasePage: INFO: Clicked on element found with locator Type: id and with locator value: com.code2lead.kwad:id/Btn3
23/10/20 16:15:28 PM Friday: BasePage: INFO: Element with locator Type: text and with locator value: Enter Admin is not displayed.
23/10/20 16:15:31 PM Friday: BasePage: INFO: Send text on element found with locator Type: text and with locator value: Enter Email
23/10/20 16:15:33 PM Friday: BasePage: INFO: Send text on element found with locator Type: text and with locator value: Enter Password
23/10/20 16:15:33 PM Friday: BasePage: INFO: Clicked on element found with locator Type: id and with locator value: com.code2lead.kwad:id/Btn3
23/10/20 16:15:34 PM Friday: BasePage: INFO: Element with locator Type: text and with locator value: Enter Admin is displayed.
23/10/20 16:15:35 PM Friday: BasePage: INFO: Send text on element found with locator Type: id and with locator value: com.code2lead.kwad:id/Edt_admin
23/10/20 16:15:36 PM Friday: BasePage: INFO: Clicked on element found with locator Type: text and with locator value: SUBMIT
23/10/20 16:18:48 PM Friday: BasePage: INFO: Send text on element found with locator Type: text and with locator value: Enter Email
23/10/20 16:18:49 PM Friday: BasePage: INFO: Send text on element found with locator Type: text and with locator value: Enter Password
23/10/20 16:18:50 PM Friday: BasePage: INFO: Clicked on element found with locator Type: id and with locator value: com.code2lead.kwad:id/Btn3
23/10/20 16:19:10 PM Friday: BasePage: INFO: Element with locator Type: text and with locator value: Enter Admin is not displayed.
23/10/20 16:19:14 PM Friday: BasePage: INFO: Send text on element found with locator Type: text and with locator value: Enter Email
23/10/20 16:19:15 PM Friday: BasePage: INFO: Send text on element found with locator Type: text and with locator value: Enter Password
23/10/20 16:19:16 PM Friday: BasePage: INFO: Clicked on element found with locator Type: id and with locator value: com.code2lead.kwad:id/Btn3
23/10/20 16:19:17 PM Friday: BasePage: INFO: Element with locator Type: text and with locator value: Enter Admin is displayed.
23/10/20 16:19:18 PM Friday: BasePage: INFO: Send text on element found with locator Type: id and with locator value: com.code2lead.kwad:id/Edt_admin
23/10/20 16:19:19 PM Friday: BasePage: INFO: Clicked on element found with locator Type: text and with locator value: SUBMIT
23/10/20 16:40:18 PM Friday: BasePage: INFO: Clicked on element found with locator Type: id and with locator value: com.code2lead.kwad:id/ContactUs
23/10/20 16:40:19 PM Friday: BasePage: INFO: Element with locator Type: text and with locator value: Contact Us form is displayed.
23/10/20 16:40:20 PM Friday: BasePage: INFO: Send text on element found with locator Type: text and with locator value: Enter Name
23/10/20 16:40:21 PM Friday: BasePage: INFO: Send text on element found with locator Type: text and with locator value: Enter Email
23/10/20 16:40:22 PM Friday: BasePage: INFO: Send text on element found with locator Type: text and with locator value: Enter Address
23/10/20 16:40:23 PM Friday: BasePage: INFO: Send text on element found with locator Type: text and with locator value: Enter Mobile No
23/10/20 16:40:25 PM Friday: BasePage: INFO: Clicked on element found with locator Type: text and with locator value: SUBMIT
23/10/20 16:40:45 PM Friday: BasePage: INFO: Send text on element found with locator Type: text and with locator value: Enter Email
23/10/20 16:40:46 PM Friday: BasePage: INFO: Send text on element found with locator Type: text and with locator value: Enter Password
23/10/20 16:40:47 PM Friday: BasePage: INFO: Clicked on element found with locator Type: id and with locator value: com.code2lead.kwad:id/Btn3
23/10/20 16:41:07 PM Friday: BasePage: INFO: Element with locator Type: text and with locator value: Enter Admin is not displayed.
23/10/20 16:41:11 PM Friday: BasePage: INFO: Send text on element found with locator Type: text and with locator value: Enter Email
23/10/20 16:41:12 PM Friday: BasePage: INFO: Send text on element found with locator Type: text and with locator value: Enter Password
23/10/20 16:41:12 PM Friday: BasePage: INFO: Clicked on element found with locator Type: id and with locator value: com.code2lead.kwad:id/Btn3
23/10/20 16:41:14 PM Friday: BasePage: INFO: Element with locator Type: text and with locator value: Enter Admin is displayed.
23/10/20 16:41:14 PM Friday: BasePage: INFO: Send text on element found with locator Type: id and with locator value: com.code2lead.kwad:id/Edt_admin
23/10/20 16:41:15 PM Friday: BasePage: INFO: Clicked on element found with locator Type: text and with locator value: SUBMIT
06/11/20 16:39:44 PM Friday: BasePage: INFO: Send text on element found with locator Type: text and with locator value: Enter Email
06/11/20 16:39:45 PM Friday: BasePage: INFO: Send text on element found with locator Type: text and with locator value: Enter Password
06/11/20 16:39:46 PM Friday: BasePage: INFO: Clicked on element found with locator Type: id and with locator value: com.code2lead.kwad:id/Btn3
06/11/20 16:40:07 PM Friday: BasePage: INFO: Element with locator Type: text and with locator value: Enter Admin is not displayed.
06/11/20 16:40:10 PM Friday: BasePage: INFO: Send text on element found with locator Type: text and with locator value: Enter Email
06/11/20 16:40:12 PM Friday: BasePage: INFO: Send text on element found with locator Type: text and with locator value: Enter Password
06/11/20 16:40:12 PM Friday: BasePage: INFO: Clicked on element found with locator Type: id and with locator value: com.code2lead.kwad:id/Btn3
06/11/20 16:40:13 PM Friday: BasePage: INFO: Element with locator Type: text and with locator value: Enter Admin is displayed.
06/11/20 16:40:14 PM Friday: BasePage: INFO: Send text on element found with locator Type: id and with locator value: com.code2lead.kwad:id/Edt_admin
06/11/20 16:40:15 PM Friday: BasePage: INFO: Clicked on element found with locator Type: text and with locator value: SUBMIT
